c:\users\quint\source\repos\fast food ordering application\fast food ordering application\x64\debug\vc143.pdb
c:\users\quint\source\repos\fast food ordering application\fast food ordering application\x64\debug\vc143.idb
c:\users\quint\source\repos\fast food ordering application\fast food ordering application\x64\debug\main.obj
c:\users\quint\source\repos\fast food ordering application\fast food ordering application\x64\debug\customer.obj
c:\users\quint\source\repos\fast food ordering application\fast food ordering application\x64\debug\center_helper.obj
c:\users\quint\source\repos\fast food ordering application\fast food ordering application\x64\debug\generalhelper.obj
c:\users\quint\source\repos\fast food ordering application\fast food ordering application\x64\debug\food.obj
c:\users\quint\source\repos\fast food ordering application\x64\debug\fast food ordering application.exe
c:\users\quint\source\repos\fast food ordering application\fast food ordering application\x64\debug\fast food ordering application.ilk
c:\users\quint\source\repos\fast food ordering application\x64\debug\fast food ordering application.pdb
c:\users\quint\source\repos\fast food ordering application\fast food ordering application\x64\debug\source.obj
c:\users\quint\source\repos\fast food ordering application\fast food ordering application\x64\debug\customer.obj.enc
c:\users\quint\source\repos\fast food ordering application\fast food ordering application\x64\debug\food.obj.enc
c:\users\quint\source\repos\fast food ordering application\fast food ordering application\x64\debug\main.obj.enc
c:\users\quint\source\repos\fast food ordering application\fast food ordering application\x64\debug\source.obj.enc
c:\users\quint\source\repos\fast food ordering application\fast food ordering application\x64\debug\fast foo.e1ec67ed.tlog\cl.command.1.tlog
c:\users\quint\source\repos\fast food ordering application\fast food ordering application\x64\debug\fast foo.e1ec67ed.tlog\cl.read.1.tlog
c:\users\quint\source\repos\fast food ordering application\fast food ordering application\x64\debug\fast foo.e1ec67ed.tlog\cl.write.1.tlog
c:\users\quint\source\repos\fast food ordering application\fast food ordering application\x64\debug\fast foo.e1ec67ed.tlog\link.command.1.tlog
c:\users\quint\source\repos\fast food ordering application\fast food ordering application\x64\debug\fast foo.e1ec67ed.tlog\link.read.1.tlog
c:\users\quint\source\repos\fast food ordering application\fast food ordering application\x64\debug\fast foo.e1ec67ed.tlog\link.write.1.tlog
